<?xml version="1.0" encoding="UTF-8"?>
<testng-results ignored="0" total="1" passed="1" failed="0" skipped="0">
  <reporter-output>
  </reporter-output>
  <suite started-at="2018-12-28T14:25:24Z" name="Test" finished-at="2018-12-28T14:27:58Z" duration-ms="153553">
    <groups>
    </groups>
    <test started-at="2018-12-28T14:25:24Z" name="Test" finished-at="2018-12-28T14:27:58Z" duration-ms="153553">
      <class name="com.icix.browserinstance.BrowserInstance">
        <test-method is-config="true" signature="beforeTest(java.lang.String, java.lang.String)[pri:0, instance:com.icix.browserinstance.BrowserInstance@26275bef]" started-at="2018-12-28T14:25:24Z" name="beforeTest" finished-at="2018-12-28T14:27:57Z" duration-ms="152427" status="PASS">
          <params>
            <param index="0">
              <value>
                <![CDATA[]]>
              </value>
            </param>
            <param index="1">
              <value>
                <![CDATA[]]>
              </value>
            </param>
          </params>
          <reporter-output>
          </reporter-output>
        </test-method> <!-- beforeTest -->
      </class> <!-- com.icix.browserinstance.BrowserInstance -->
      <class name="com.icix.producttest.QA_28_Test">
        <test-method signature="OpenRequestPage()[pri:0, instance:com.icix.producttest.QA_28_Test@7690781]" started-at="2018-12-28T14:27:57Z" name="OpenRequestPage" finished-at="2018-12-28T14:27:58Z" duration-ms="955" status="PASS">
          <reporter-output>
          </reporter-output>
        </test-method> <!-- OpenRequestPage -->
      </class> <!-- com.icix.producttest.QA_28_Test -->
    </test> <!-- Test -->
  </suite> <!-- Test -->
</testng-results>
